Analysis & Synthesis report for accessCode
Tue Mar 15 16:23:06 2016
Quartus Prime Version 15.1.2 Build 193 02/01/2016 SJ Lite Edition


---------------------
; Table of Contents ;
---------------------
  1. Legal Notice
  2. Analysis & Synthesis Summary
  3. Analysis & Synthesis Settings
  4. Parallel Compilation
  5. Analysis & Synthesis Source Files Read
  6. Analysis & Synthesis Resource Usage Summary
  7. Analysis & Synthesis Resource Utilization by Entity
  8. Registers Removed During Synthesis
  9. General Register Statistics
 10. Multiplexer Restructuring Statistics (Restructuring Performed)
 11. Post-Synthesis Netlist Statistics for Top Partition
 12. Elapsed Time Per Partition
 13. Analysis & Synthesis Messages
 14. Analysis & Synthesis Suppressed Messages



----------------
; Legal Notice ;
----------------
Copyright (C) 1991-2016 Altera Corporation. All rights reserved.
Your use of Altera Corporation's design tools, logic functions 
and other software and tools, and its AMPP partner logic 
functions, and any output files from any of the foregoing 
(including device programming or simulation files), and any 
associated documentation or information are expressly subject 
to the terms and conditions of the Altera Program License 
Subscription Agreement, the Altera Quartus Prime License Agreement,
the Altera MegaCore Function License Agreement, or other 
applicable license agreement, including, without limitation, 
that your use is for the sole purpose of programming logic 
devices manufactured by Altera and sold by Altera or its 
authorized distributors.  Please refer to the applicable 
agreement for further details.



+-------------------------------------------------------------------------------+
; Analysis & Synthesis Summary                                                  ;
+---------------------------------+---------------------------------------------+
; Analysis & Synthesis Status     ; Successful - Tue Mar 15 16:23:06 2016       ;
; Quartus Prime Version           ; 15.1.2 Build 193 02/01/2016 SJ Lite Edition ;
; Revision Name                   ; accessCode                                  ;
; Top-level Entity Name           ; accessCode                                  ;
; Family                          ; Cyclone V                                   ;
; Logic utilization (in ALMs)     ; N/A                                         ;
; Total registers                 ; 138                                         ;
; Total pins                      ; 57                                          ;
; Total virtual pins              ; 0                                           ;
; Total block memory bits         ; 0                                           ;
; Total DSP Blocks                ; 0                                           ;
; Total HSSI RX PCSs              ; 0                                           ;
; Total HSSI PMA RX Deserializers ; 0                                           ;
; Total HSSI TX PCSs              ; 0                                           ;
; Total HSSI PMA TX Serializers   ; 0                                           ;
; Total PLLs                      ; 0                                           ;
; Total DLLs                      ; 0                                           ;
+---------------------------------+---------------------------------------------+


+---------------------------------------------------------------------------------------------------------------------------+
; Analysis & Synthesis Settings                                                                                             ;
+---------------------------------------------------------------------------------+--------------------+--------------------+
; Option                                                                          ; Setting            ; Default Value      ;
+---------------------------------------------------------------------------------+--------------------+--------------------+
; Device                                                                          ; 5CSEMA5F31C6       ;                    ;
; Top-level entity name                                                           ; accessCode         ; accessCode         ;
; Family name                                                                     ; Cyclone V          ; Cyclone V          ;
; Use smart compilation                                                           ; Off                ; Off                ;
; Enable parallel Assembler and TimeQuest Timing Analyzer during compilation      ; On                 ; On                 ;
; Enable compact report table                                                     ; Off                ; Off                ;
; Restructure Multiplexers                                                        ; Auto               ; Auto               ;
; MLAB Add Timing Constraints For Mixed-Port Feed-Through Mode Setting Don't Care ; Off                ; Off                ;
; Create Debugging Nodes for IP Cores                                             ; Off                ; Off                ;
; Preserve fewer node names                                                       ; On                 ; On                 ;
; Disable OpenCore Plus hardware evaluation                                       ; Off                ; Off                ;
; Verilog Version                                                                 ; Verilog_2001       ; Verilog_2001       ;
; VHDL Version                                                                    ; VHDL_1993          ; VHDL_1993          ;
; State Machine Processing                                                        ; Auto               ; Auto               ;
; Safe State Machine                                                              ; Off                ; Off                ;
; Extract Verilog State Machines                                                  ; On                 ; On                 ;
; Extract VHDL State Machines                                                     ; On                 ; On                 ;
; Ignore Verilog initial constructs                                               ; Off                ; Off                ;
; Iteration limit for constant Verilog loops                                      ; 5000               ; 5000               ;
; Iteration limit for non-constant Verilog loops                                  ; 250                ; 250                ;
; Add Pass-Through Logic to Inferred RAMs                                         ; On                 ; On                 ;
; Infer RAMs from Raw Logic                                                       ; On                 ; On                 ;
; Parallel Synthesis                                                              ; On                 ; On                 ;
; DSP Block Balancing                                                             ; Auto               ; Auto               ;
; NOT Gate Push-Back                                                              ; On                 ; On                 ;
; Power-Up Don't Care                                                             ; On                 ; On                 ;
; Remove Redundant Logic Cells                                                    ; Off                ; Off                ;
; Remove Duplicate Registers                                                      ; On                 ; On                 ;
; Ignore CARRY Buffers                                                            ; Off                ; Off                ;
; Ignore CASCADE Buffers                                                          ; Off                ; Off                ;
; Ignore GLOBAL Buffers                                                           ; Off                ; Off                ;
; Ignore ROW GLOBAL Buffers                                                       ; Off                ; Off                ;
; Ignore LCELL Buffers                                                            ; Off                ; Off                ;
; Ignore SOFT Buffers                                                             ; On                 ; On                 ;
; Limit AHDL Integers to 32 Bits                                                  ; Off                ; Off                ;
; Optimization Technique                                                          ; Balanced           ; Balanced           ;
; Carry Chain Length                                                              ; 70                 ; 70                 ;
; Auto Carry Chains                                                               ; On                 ; On                 ;
; Auto Open-Drain Pins                                                            ; On                 ; On                 ;
; Perform WYSIWYG Primitive Resynthesis                                           ; Off                ; Off                ;
; Auto ROM Replacement                                                            ; On                 ; On                 ;
; Auto RAM Replacement                                                            ; On                 ; On                 ;
; Auto DSP Block Replacement                                                      ; On                 ; On                 ;
; Auto Shift Register Replacement                                                 ; Auto               ; Auto               ;
; Allow Shift Register Merging across Hierarchies                                 ; Auto               ; Auto               ;
; Auto Clock Enable Replacement                                                   ; On                 ; On                 ;
; Strict RAM Replacement                                                          ; Off                ; Off                ;
; Allow Synchronous Control Signals                                               ; On                 ; On                 ;
; Force Use of Synchronous Clear Signals                                          ; Off                ; Off                ;
; Auto Resource Sharing                                                           ; Off                ; Off                ;
; Allow Any RAM Size For Recognition                                              ; Off                ; Off                ;
; Allow Any ROM Size For Recognition                                              ; Off                ; Off                ;
; Allow Any Shift Register Size For Recognition                                   ; Off                ; Off                ;
; Use LogicLock Constraints during Resource Balancing                             ; On                 ; On                 ;
; Ignore translate_off and synthesis_off directives                               ; Off                ; Off                ;
; Timing-Driven Synthesis                                                         ; On                 ; On                 ;
; Report Parameter Settings                                                       ; On                 ; On                 ;
; Report Source Assignments                                                       ; On                 ; On                 ;
; Report Connectivity Checks                                                      ; On                 ; On                 ;
; Ignore Maximum Fan-Out Assignments                                              ; Off                ; Off                ;
; Synchronization Register Chain Length                                           ; 3                  ; 3                  ;
; PowerPlay Power Optimization During Synthesis                                   ; Normal compilation ; Normal compilation ;
; HDL message level                                                               ; Level2             ; Level2             ;
; Suppress Register Optimization Related Messages                                 ; Off                ; Off                ;
; Number of Removed Registers Reported in Synthesis Report                        ; 5000               ; 5000               ;
; Number of Swept Nodes Reported in Synthesis Report                              ; 5000               ; 5000               ;
; Number of Inverted Registers Reported in Synthesis Report                       ; 100                ; 100                ;
; Clock MUX Protection                                                            ; On                 ; On                 ;
; Auto Gated Clock Conversion                                                     ; Off                ; Off                ;
; Block Design Naming                                                             ; Auto               ; Auto               ;
; SDC constraint protection                                                       ; Off                ; Off                ;
; Synthesis Effort                                                                ; Auto               ; Auto               ;
; Shift Register Replacement - Allow Asynchronous Clear Signal                    ; On                 ; On                 ;
; Pre-Mapping Resynthesis Optimization                                            ; Off                ; Off                ;
; Analysis & Synthesis Message Level                                              ; Medium             ; Medium             ;
; Disable Register Merging Across Hierarchies                                     ; Auto               ; Auto               ;
; Resource Aware Inference For Block RAM                                          ; On                 ; On                 ;
; Synthesis Seed                                                                  ; 1                  ; 1                  ;
; Automatic Parallel Synthesis                                                    ; On                 ; On                 ;
; Partial Reconfiguration Bitstream ID                                            ; Off                ; Off                ;
+---------------------------------------------------------------------------------+--------------------+--------------------+


Parallel compilation was disabled, but you have multiple processors available. Enable parallel compilation to reduce compilation time.
+-------------------------------------+
; Parallel Compilation                ;
+----------------------------+--------+
; Processors                 ; Number ;
+----------------------------+--------+
; Number detected on machine ; 2      ;
; Maximum allowed            ; 1      ;
+----------------------------+--------+


+--------------------------------------------------------------------------------------------------------------------------------------------------------------------+
; Analysis & Synthesis Source Files Read                                                                                                                             ;
+----------------------------------+-----------------+------------------------+----------------------------------------------------------------------------+---------+
; File Name with User-Entered Path ; Used in Netlist ; File Type              ; File Name with Absolute Path                                               ; Library ;
+----------------------------------+-----------------+------------------------+----------------------------------------------------------------------------+---------+
; accessCode.v                     ; yes             ; User Verilog HDL File  ; C:/Users/Pedro/Dropbox/estig/TEI/Workspace/Projeto/accessCode/accessCode.v ;         ;
+----------------------------------+-----------------+------------------------+----------------------------------------------------------------------------+---------+


+-----------------------------------------------------+
; Analysis & Synthesis Resource Usage Summary         ;
+---------------------------------------------+-------+
; Resource                                    ; Usage ;
+---------------------------------------------+-------+
; Estimate of Logic utilization (ALMs needed) ; 158   ;
;                                             ;       ;
; Combinational ALUT usage for logic          ; 224   ;
;     -- 7 input functions                    ; 0     ;
;     -- 6 input functions                    ; 84    ;
;     -- 5 input functions                    ; 39    ;
;     -- 4 input functions                    ; 41    ;
;     -- <=3 input functions                  ; 60    ;
;                                             ;       ;
; Dedicated logic registers                   ; 138   ;
;                                             ;       ;
; I/O pins                                    ; 57    ;
;                                             ;       ;
; Total DSP Blocks                            ; 0     ;
;                                             ;       ;
; Maximum fan-out node                        ; evt   ;
; Maximum fan-out                             ; 105   ;
; Total fan-out                               ; 1543  ;
; Average fan-out                             ; 3.24  ;
+---------------------------------------------+-------+


+-----------------------------------------------------------------------------------------------------------------------------------------------------------+
; Analysis & Synthesis Resource Utilization by Entity                                                                                                       ;
+----------------------------+-------------------+--------------+-------------------+------------+------+--------------+---------------------+--------------+
; Compilation Hierarchy Node ; LC Combinationals ; LC Registers ; Block Memory Bits ; DSP Blocks ; Pins ; Virtual Pins ; Full Hierarchy Name ; Library Name ;
+----------------------------+-------------------+--------------+-------------------+------------+------+--------------+---------------------+--------------+
; |accessCode                ; 224 (224)         ; 138 (138)    ; 0                 ; 0          ; 57   ; 0            ; |accessCode         ; work         ;
+----------------------------+-------------------+--------------+-------------------+------------+------+--------------+---------------------+--------------+
Note: For table entries with two numbers listed, the numbers in parentheses indicate the number of resources of the given type used by the specific entity alone. The numbers listed outside of parentheses indicate the total resources of the given type used by the specific entity and all of its sub-entities in the hierarchy.


+---------------------------------------------------------------------------------+
; Registers Removed During Synthesis                                              ;
+----------------------------------------+----------------------------------------+
; Register name                          ; Reason for Removal                     ;
+----------------------------------------+----------------------------------------+
; puk[0][0]                              ; Stuck at VCC due to stuck port data_in ;
; puk[0][1]                              ; Stuck at GND due to stuck port data_in ;
; puk[0][2]                              ; Stuck at GND due to stuck port data_in ;
; puk[0][3]                              ; Stuck at VCC due to stuck port data_in ;
; puk[1][0]                              ; Stuck at VCC due to stuck port data_in ;
; puk[1][1]                              ; Stuck at GND due to stuck port data_in ;
; puk[1][2]                              ; Stuck at GND due to stuck port data_in ;
; puk[1][3]                              ; Stuck at VCC due to stuck port data_in ;
; puk[2][0]                              ; Stuck at VCC due to stuck port data_in ;
; puk[2][1]                              ; Stuck at GND due to stuck port data_in ;
; puk[2][2]                              ; Stuck at GND due to stuck port data_in ;
; puk[2][3]                              ; Stuck at VCC due to stuck port data_in ;
; puk[3][0]                              ; Stuck at VCC due to stuck port data_in ;
; puk[3][1]                              ; Stuck at GND due to stuck port data_in ;
; puk[3][2]                              ; Stuck at GND due to stuck port data_in ;
; puk[3][3]                              ; Stuck at VCC due to stuck port data_in ;
; puk[4][0]                              ; Stuck at VCC due to stuck port data_in ;
; puk[4][1]                              ; Stuck at GND due to stuck port data_in ;
; puk[4][2]                              ; Stuck at GND due to stuck port data_in ;
; puk[4][3]                              ; Stuck at VCC due to stuck port data_in ;
; puk[5][0]                              ; Stuck at VCC due to stuck port data_in ;
; puk[5][1]                              ; Stuck at GND due to stuck port data_in ;
; puk[5][2]                              ; Stuck at GND due to stuck port data_in ;
; puk[5][3]                              ; Stuck at VCC due to stuck port data_in ;
; puk[6][0]                              ; Stuck at VCC due to stuck port data_in ;
; puk[6][1]                              ; Stuck at GND due to stuck port data_in ;
; puk[6][2]                              ; Stuck at GND due to stuck port data_in ;
; puk[6][3]                              ; Stuck at VCC due to stuck port data_in ;
; puk[7][0]                              ; Stuck at VCC due to stuck port data_in ;
; puk[7][1]                              ; Stuck at GND due to stuck port data_in ;
; puk[7][2]                              ; Stuck at GND due to stuck port data_in ;
; puk[7][3]                              ; Stuck at VCC due to stuck port data_in ;
; Total Number of Removed Registers = 32 ;                                        ;
+----------------------------------------+----------------------------------------+


+------------------------------------------------------+
; General Register Statistics                          ;
+----------------------------------------------+-------+
; Statistic                                    ; Value ;
+----------------------------------------------+-------+
; Total registers                              ; 138   ;
; Number of registers using Synchronous Clear  ; 41    ;
; Number of registers using Synchronous Load   ; 0     ;
; Number of registers using Asynchronous Clear ; 0     ;
; Number of registers using Asynchronous Load  ; 0     ;
; Number of registers using Clock Enable       ; 126   ;
; Number of registers using Preset             ; 0     ;
+----------------------------------------------+-------+


+----------------------------------------------------------------------------------------------------------------------------------------------+
; Multiplexer Restructuring Statistics (Restructuring Performed)                                                                               ;
+--------------------+-----------+---------------+----------------------+------------------------+------------+--------------------------------+
; Multiplexer Inputs ; Bus Width ; Baseline Area ; Area if Restructured ; Saving if Restructured ; Registered ; Example Multiplexer Output     ;
+--------------------+-----------+---------------+----------------------+------------------------+------------+--------------------------------+
; 3:1                ; 6 bits    ; 12 LEs        ; 6 LEs                ; 6 LEs                  ; Yes        ; |accessCode|sec[2]             ;
; 3:1                ; 16 bits   ; 32 LEs        ; 0 LEs                ; 32 LEs                 ; Yes        ; |accessCode|pin[3][1]          ;
; 3:1                ; 4 bits    ; 8 LEs         ; 0 LEs                ; 8 LEs                  ; Yes        ; |accessCode|pinTemp[0][0]      ;
; 3:1                ; 4 bits    ; 8 LEs         ; 0 LEs                ; 8 LEs                  ; Yes        ; |accessCode|pinTemp[1][0]      ;
; 3:1                ; 4 bits    ; 8 LEs         ; 0 LEs                ; 8 LEs                  ; Yes        ; |accessCode|pinTemp[2][1]      ;
; 3:1                ; 4 bits    ; 8 LEs         ; 0 LEs                ; 8 LEs                  ; Yes        ; |accessCode|pinTemp[3][0]      ;
; 4:1                ; 2 bits    ; 4 LEs         ; 4 LEs                ; 0 LEs                  ; Yes        ; |accessCode|attemptsByTime[0]  ;
; 5:1                ; 4 bits    ; 12 LEs        ; 8 LEs                ; 4 LEs                  ; Yes        ; |accessCode|pukIndex[2]        ;
; 6:1                ; 2 bits    ; 8 LEs         ; 6 LEs                ; 2 LEs                  ; Yes        ; |accessCode|attemptsByError[0] ;
; 9:1                ; 3 bits    ; 18 LEs        ; 6 LEs                ; 12 LEs                 ; Yes        ; |accessCode|pinIndex[2]        ;
; 11:1               ; 5 bits    ; 35 LEs        ; 20 LEs               ; 15 LEs                 ; Yes        ; |accessCode|HEX0[1]~reg0       ;
; 15:1               ; 2 bits    ; 20 LEs        ; 10 LEs               ; 10 LEs                 ; Yes        ; |accessCode|HEX2[6]~reg0       ;
; 15:1               ; 2 bits    ; 20 LEs        ; 10 LEs               ; 10 LEs                 ; Yes        ; |accessCode|HEX0[4]~reg0       ;
; 16:1               ; 3 bits    ; 30 LEs        ; 15 LEs               ; 15 LEs                 ; Yes        ; |accessCode|HEX1[0]~reg0       ;
; 16:1               ; 5 bits    ; 50 LEs        ; 20 LEs               ; 30 LEs                 ; Yes        ; |accessCode|HEX3[5]~reg0       ;
; 17:1               ; 2 bits    ; 22 LEs        ; 8 LEs                ; 14 LEs                 ; Yes        ; |accessCode|HEX3[4]~reg0       ;
; 19:1               ; 3 bits    ; 36 LEs        ; 18 LEs               ; 18 LEs                 ; Yes        ; |accessCode|HEX2[5]~reg0       ;
; 20:1               ; 2 bits    ; 26 LEs        ; 8 LEs                ; 18 LEs                 ; Yes        ; |accessCode|HEX1[5]~reg0       ;
; 3:1                ; 2 bits    ; 4 LEs         ; 4 LEs                ; 0 LEs                  ; No         ; |accessCode|attemptsByError    ;
+--------------------+-----------+---------------+----------------------+------------------------+------------+--------------------------------+


+-----------------------------------------------------+
; Post-Synthesis Netlist Statistics for Top Partition ;
+-----------------------+-----------------------------+
; Type                  ; Count                       ;
+-----------------------+-----------------------------+
; arriav_ff             ; 138                         ;
;     ENA               ; 85                          ;
;     ENA SCLR          ; 41                          ;
;     plain             ; 12                          ;
; arriav_lcell_comb     ; 228                         ;
;     arith             ; 25                          ;
;         1 data inputs ; 25                          ;
;     normal            ; 203                         ;
;         0 data inputs ; 2                           ;
;         1 data inputs ; 2                           ;
;         2 data inputs ; 13                          ;
;         3 data inputs ; 22                          ;
;         4 data inputs ; 41                          ;
;         5 data inputs ; 39                          ;
;         6 data inputs ; 84                          ;
; boundary_port         ; 57                          ;
;                       ;                             ;
; Max LUT depth         ; 4.00                        ;
; Average LUT depth     ; 2.82                        ;
+-----------------------+-----------------------------+


+-------------------------------+
; Elapsed Time Per Partition    ;
+----------------+--------------+
; Partition Name ; Elapsed Time ;
+----------------+--------------+
; Top            ; 00:00:02     ;
+----------------+--------------+


+-------------------------------+
; Analysis & Synthesis Messages ;
+-------------------------------+
Info: *******************************************************************
Info: Running Quartus Prime Analysis & Synthesis
    Info: Version 15.1.2 Build 193 02/01/2016 SJ Lite Edition
    Info: Processing started: Tue Mar 15 16:22:38 2016
Info: Command: quartus_map --read_settings_files=on --write_settings_files=off accessCode -c accessCode
Warning (20028): Parallel compilation is not licensed and has been disabled
Info (12021): Found 1 design units, including 1 entities, in source file accesscode.v
    Info (12023): Found entity 1: accessCode File: C:/Users/Pedro/Dropbox/estig/TEI/Workspace/Projeto/accessCode/accessCode.v Line: 9
Info (12127): Elaborating entity "accessCode" for the top level hierarchy
Warning (10235): Verilog HDL Always Construct warning at accessCode.v(43): variable "lockOut" is read inside the Always Construct but isn't in the Always Construct's Event Control File: C:/Users/Pedro/Dropbox/estig/TEI/Workspace/Projeto/accessCode/accessCode.v Line: 43
Warning (10235): Verilog HDL Always Construct warning at accessCode.v(49): variable "lockOut" is read inside the Always Construct but isn't in the Always Construct's Event Control File: C:/Users/Pedro/Dropbox/estig/TEI/Workspace/Projeto/accessCode/accessCode.v Line: 49
Warning (10240): Verilog HDL Always Construct warning at accessCode.v(35): inferring latch(es) for variable "HEX5", which holds its previous value in one or more paths through the always construct File: C:/Users/Pedro/Dropbox/estig/TEI/Workspace/Projeto/accessCode/accessCode.v Line: 35
Warning (10240): Verilog HDL Always Construct warning at accessCode.v(35): inferring latch(es) for variable "HEX4", which holds its previous value in one or more paths through the always construct File: C:/Users/Pedro/Dropbox/estig/TEI/Workspace/Projeto/accessCode/accessCode.v Line: 35
Warning (10230): Verilog HDL assignment warning at accessCode.v(112): truncated value with size 32 to match size of target (1) File: C:/Users/Pedro/Dropbox/estig/TEI/Workspace/Projeto/accessCode/accessCode.v Line: 112
Info (10041): Inferred latch for "HEX4[0]" at accessCode.v(35) File: C:/Users/Pedro/Dropbox/estig/TEI/Workspace/Projeto/accessCode/accessCode.v Line: 35
Info (10041): Inferred latch for "HEX4[1]" at accessCode.v(35) File: C:/Users/Pedro/Dropbox/estig/TEI/Workspace/Projeto/accessCode/accessCode.v Line: 35
Info (10041): Inferred latch for "HEX4[2]" at accessCode.v(35) File: C:/Users/Pedro/Dropbox/estig/TEI/Workspace/Projeto/accessCode/accessCode.v Line: 35
Info (10041): Inferred latch for "HEX4[3]" at accessCode.v(35) File: C:/Users/Pedro/Dropbox/estig/TEI/Workspace/Projeto/accessCode/accessCode.v Line: 35
Info (10041): Inferred latch for "HEX4[4]" at accessCode.v(35) File: C:/Users/Pedro/Dropbox/estig/TEI/Workspace/Projeto/accessCode/accessCode.v Line: 35
Info (10041): Inferred latch for "HEX4[5]" at accessCode.v(35) File: C:/Users/Pedro/Dropbox/estig/TEI/Workspace/Projeto/accessCode/accessCode.v Line: 35
Info (10041): Inferred latch for "HEX4[6]" at accessCode.v(35) File: C:/Users/Pedro/Dropbox/estig/TEI/Workspace/Projeto/accessCode/accessCode.v Line: 35
Info (10041): Inferred latch for "HEX5[0]" at accessCode.v(35) File: C:/Users/Pedro/Dropbox/estig/TEI/Workspace/Projeto/accessCode/accessCode.v Line: 35
Info (10041): Inferred latch for "HEX5[1]" at accessCode.v(35) File: C:/Users/Pedro/Dropbox/estig/TEI/Workspace/Projeto/accessCode/accessCode.v Line: 35
Info (10041): Inferred latch for "HEX5[2]" at accessCode.v(35) File: C:/Users/Pedro/Dropbox/estig/TEI/Workspace/Projeto/accessCode/accessCode.v Line: 35
Info (10041): Inferred latch for "HEX5[3]" at accessCode.v(35) File: C:/Users/Pedro/Dropbox/estig/TEI/Workspace/Projeto/accessCode/accessCode.v Line: 35
Info (10041): Inferred latch for "HEX5[4]" at accessCode.v(35) File: C:/Users/Pedro/Dropbox/estig/TEI/Workspace/Projeto/accessCode/accessCode.v Line: 35
Info (10041): Inferred latch for "HEX5[5]" at accessCode.v(35) File: C:/Users/Pedro/Dropbox/estig/TEI/Workspace/Projeto/accessCode/accessCode.v Line: 35
Info (10041): Inferred latch for "HEX5[6]" at accessCode.v(35) File: C:/Users/Pedro/Dropbox/estig/TEI/Workspace/Projeto/accessCode/accessCode.v Line: 35
Warning (13024): Output pins are stuck at VCC or GND
    Warning (13410): Pin "HEX4[0]" is stuck at VCC File: C:/Users/Pedro/Dropbox/estig/TEI/Workspace/Projeto/accessCode/accessCode.v Line: 35
    Warning (13410): Pin "HEX5[3]" is stuck at VCC File: C:/Users/Pedro/Dropbox/estig/TEI/Workspace/Projeto/accessCode/accessCode.v Line: 35
    Warning (13410): Pin "HEX5[4]" is stuck at GND File: C:/Users/Pedro/Dropbox/estig/TEI/Workspace/Projeto/accessCode/accessCode.v Line: 35
    Warning (13410): Pin "HEX5[6]" is stuck at GND File: C:/Users/Pedro/Dropbox/estig/TEI/Workspace/Projeto/accessCode/accessCode.v Line: 35
Info (286030): Timing-Driven Synthesis is running
Info (144001): Generated suppressed messages file C:/Users/Pedro/Dropbox/estig/TEI/Workspace/Projeto/accessCode/output_files/accessCode.map.smsg
Info (16010): Generating hard_block partition "hard_block:auto_generated_inst"
    Info (16011): Adding 0 node(s), including 0 DDIO, 0 PLL, 0 transceiver and 0 LCELL
Warning (21074): Design contains 5 input pin(s) that do not drive logic
    Warning (15610): No output dependent on input pin "SW[4]" File: C:/Users/Pedro/Dropbox/estig/TEI/Workspace/Projeto/accessCode/accessCode.v Line: 12
    Warning (15610): No output dependent on input pin "SW[5]" File: C:/Users/Pedro/Dropbox/estig/TEI/Workspace/Projeto/accessCode/accessCode.v Line: 12
    Warning (15610): No output dependent on input pin "SW[6]" File: C:/Users/Pedro/Dropbox/estig/TEI/Workspace/Projeto/accessCode/accessCode.v Line: 12
    Warning (15610): No output dependent on input pin "SW[7]" File: C:/Users/Pedro/Dropbox/estig/TEI/Workspace/Projeto/accessCode/accessCode.v Line: 12
    Warning (15610): No output dependent on input pin "SW[8]" File: C:/Users/Pedro/Dropbox/estig/TEI/Workspace/Projeto/accessCode/accessCode.v Line: 12
Info (21057): Implemented 349 device resources after synthesis - the final resource count might be different
    Info (21058): Implemented 14 input pins
    Info (21059): Implemented 43 output pins
    Info (21061): Implemented 292 logic cells
Info: Quartus Prime Analysis & Synthesis was successful. 0 errors, 17 warnings
    Info: Peak virtual memory: 859 megabytes
    Info: Processing ended: Tue Mar 15 16:23:06 2016
    Info: Elapsed time: 00:00:28
    Info: Total CPU time (on all processors): 00:00:41


+------------------------------------------+
; Analysis & Synthesis Suppressed Messages ;
+------------------------------------------+
The suppressed messages can be found in C:/Users/Pedro/Dropbox/estig/TEI/Workspace/Projeto/accessCode/output_files/accessCode.map.smsg.


